<?xml version="1.0" encoding="UTF-8"?>
<!-- Generated by org.testng.reporters.JUnitXMLReporter -->
<testsuite ignored="0" hostname="DESKTOP-HN2PJ80" failures="5" tests="8" name="Surefire test" time="164.683" errors="0" timestamp="2021-02-13T14:11:04 AMT">
  <testcase classname="tests.CasinoPageTests" name="openCasinoPage" time="7.764">
    <failure type="com.codeborne.selenide.ex.ElementShould" message="Element should have text &amp;apos;Ô³Ô¼Ô½Ô±ÕŽÕˆÕ�&amp;apos; {div &amp;gt; a.active}
Element: &amp;apos;&amp;lt;a aria-current=&amp;quot;page&amp;quot; class=&amp;quot;active&amp;quot; href=&amp;quot;/casino&amp;quot; type&amp;gt;ԳԼԽԱՎՈՐ&amp;lt;/a&amp;gt;&amp;apos;
Timeout: 4 s.">
      <![CDATA[Element should have text 'Ô³Ô¼Ô½Ô±ÕŽÕˆÕ�' {div > a.active}
Element: '<a aria-current="page" class="active" href="/casino" type>ԳԼԽԱՎՈՐ</a>'
Timeout: 4 s.
at com.codeborne.selenide.impl.WebElementSource.checkCondition(WebElementSource.java:94)
at com.codeborne.selenide.commands.Should.execute(Should.java:30)
at com.codeborne.selenide.commands.Should.execute(Should.java:14)
at com.codeborne.selenide.commands.Commands.execute(Commands.java:153)
at com.codeborne.selenide.impl.SelenideElementProxy.dispatchAndRetry(SelenideElementProxy.java:124)
at com.codeborne.selenide.impl.SelenideElementProxy.invoke(SelenideElementProxy.java:76)
at com.sun.proxy.$Proxy6.shouldHave(Unknown Source)
at pages.CasinoPage.getTitleFromCasinoPage(CasinoPage.java:12)
at tests.CasinoPageTests.openCasinoPage(CasinoPageTests.java:18)
at java.base/java.util.ArrayList.forEach(ArrayList.java:1541)
... Removed 32 stack frames]]>
    </failure>
  </testcase> <!-- openCasinoPage -->
  <testcase classname="tests.MainPageTests" name="changeAppLanguageToArmenian" time="5.381">
    <failure type="com.codeborne.selenide.ex.ElementShould" message="Element should have text &amp;apos;Õ„Õ¸Ö‚Õ¿Ö„&amp;apos; {.right-top-nav-new-h:nth-child(2)}
Element: &amp;apos;&amp;lt;span class=&amp;quot;right-top-nav-new-h&amp;quot;&amp;gt;ՄՈՒՏՔ&amp;lt;/span&amp;gt;&amp;apos;
Timeout: 4 s.">
      <![CDATA[Element should have text 'Õ„Õ¸Ö‚Õ¿Ö„' {.right-top-nav-new-h:nth-child(2)}
Element: '<span class="right-top-nav-new-h">ՄՈՒՏՔ</span>'
Timeout: 4 s.
at com.codeborne.selenide.impl.WebElementSource.checkCondition(WebElementSource.java:94)
at com.codeborne.selenide.commands.Should.execute(Should.java:30)
at com.codeborne.selenide.commands.Should.execute(Should.java:14)
at com.codeborne.selenide.commands.Commands.execute(Commands.java:153)
at com.codeborne.selenide.impl.SelenideElementProxy.dispatchAndRetry(SelenideElementProxy.java:124)
at com.codeborne.selenide.impl.SelenideElementProxy.invoke(SelenideElementProxy.java:76)
at com.sun.proxy.$Proxy6.shouldHave(Unknown Source)
at pages.MainPage.getEnglishText(MainPage.java:39)
at tests.MainPageTests.changeAppLanguageToArmenian(MainPageTests.java:29)
at java.base/java.util.ArrayList.forEach(ArrayList.java:1541)
... Removed 32 stack frames]]>
    </failure>
  </testcase> <!-- changeAppLanguageToArmenian -->
  <testcase classname="tests.MainPageTests" name="changeAppLanguageToEnglish" time="11.934"/>
  <testcase classname="tests.MainPageTests" name="changeAppLanguageToGeorgian" time="4.958"/>
  <testcase classname="tests.MainPageTests" name="changeAppLanguageToPersian" time="4.714">
    <failure type="com.codeborne.selenide.ex.ElementShould" message="Element should have text &amp;apos;ÙˆØ±ÙˆØ¯ Ø¨Ù‡ Ø­Ø³Ø§Ø¨ Ú©Ø§Ø±Ø¨Ø±ÛŒ&amp;apos; {.right-top-nav-new-h:nth-child(2)}
Element: &amp;apos;&amp;lt;span class=&amp;quot;right-top-nav-new-h&amp;quot;&amp;gt;ورود به حساب کاربری&amp;lt;/span&amp;gt;&amp;apos;
Timeout: 4 s.">
      <![CDATA[Element should have text 'ÙˆØ±ÙˆØ¯ Ø¨Ù‡ Ø­Ø³Ø§Ø¨ Ú©Ø§Ø±Ø¨Ø±ÛŒ' {.right-top-nav-new-h:nth-child(2)}
Element: '<span class="right-top-nav-new-h">ورود به حساب کاربری</span>'
Timeout: 4 s.
at com.codeborne.selenide.impl.WebElementSource.checkCondition(WebElementSource.java:94)
at com.codeborne.selenide.commands.Should.execute(Should.java:30)
at com.codeborne.selenide.commands.Should.execute(Should.java:14)
at com.codeborne.selenide.commands.Commands.execute(Commands.java:153)
at com.codeborne.selenide.impl.SelenideElementProxy.dispatchAndRetry(SelenideElementProxy.java:124)
at com.codeborne.selenide.impl.SelenideElementProxy.invoke(SelenideElementProxy.java:76)
at com.sun.proxy.$Proxy6.shouldHave(Unknown Source)
at pages.MainPage.getEnglishText(MainPage.java:39)
at tests.MainPageTests.changeAppLanguageToPersian(MainPageTests.java:43)
at java.base/java.util.ArrayList.forEach(ArrayList.java:1541)
... Removed 32 stack frames]]>
    </failure>
  </testcase> <!-- changeAppLanguageToPersian -->
  <testcase classname="tests.MainPageTests" name="changeAppLanguageToRussian" time="5.312">
    <failure type="com.codeborne.selenide.ex.ElementShould" message="Element should have text &amp;apos;Ð›Ð¾Ð³Ð¸Ð½&amp;apos; {.right-top-nav-new-h:nth-child(2)}
Element: &amp;apos;&amp;lt;span class=&amp;quot;right-top-nav-new-h&amp;quot;&amp;gt;ЛОГИН&amp;lt;/span&amp;gt;&amp;apos;
Timeout: 4 s.">
      <![CDATA[Element should have text 'Ð›Ð¾Ð³Ð¸Ð½' {.right-top-nav-new-h:nth-child(2)}
Element: '<span class="right-top-nav-new-h">ЛОГИН</span>'
Timeout: 4 s.
at com.codeborne.selenide.impl.WebElementSource.checkCondition(WebElementSource.java:94)
at com.codeborne.selenide.commands.Should.execute(Should.java:30)
at com.codeborne.selenide.commands.Should.execute(Should.java:14)
at com.codeborne.selenide.commands.Commands.execute(Commands.java:153)
at com.codeborne.selenide.impl.SelenideElementProxy.dispatchAndRetry(SelenideElementProxy.java:124)
at com.codeborne.selenide.impl.SelenideElementProxy.invoke(SelenideElementProxy.java:76)
at com.sun.proxy.$Proxy6.shouldHave(Unknown Source)
at pages.MainPage.getEnglishText(MainPage.java:39)
at tests.MainPageTests.changeAppLanguageToRussian(MainPageTests.java:22)
at java.base/java.util.ArrayList.forEach(ArrayList.java:1541)
... Removed 32 stack frames]]>
    </failure>
  </testcase> <!-- changeAppLanguageToRussian -->
  <testcase classname="tests.MainPageTests" name="logInTest" time="6.827"/>
  <testcase classname="tests.UserProfileTests" name="changeUserPasswordTest" time="5.55">
    <failure type="com.codeborne.selenide.ex.ElementShould" message="Element should be enabled {.button-view-normal-m:not(.trans-m)}
Element: &amp;apos;&amp;lt;button class=&amp;quot;button-view-normal-m with-mini-loader&amp;quot; disabled type=&amp;quot;submit&amp;quot; value&amp;gt;ՄՈՒՏՔ&amp;lt;/button&amp;gt;&amp;apos;
Actual value: disabled
Timeout: 4 s.">
      <![CDATA[Element should be enabled {.button-view-normal-m:not(.trans-m)}
Element: '<button class="button-view-normal-m with-mini-loader" disabled type="submit" value>ՄՈՒՏՔ</button>'
Actual value: disabled
Timeout: 4 s.
at com.codeborne.selenide.impl.WebElementSource.checkCondition(WebElementSource.java:94)
at com.codeborne.selenide.commands.Should.execute(Should.java:30)
at com.codeborne.selenide.commands.Should.execute(Should.java:14)
at com.codeborne.selenide.commands.Commands.execute(Commands.java:153)
at com.codeborne.selenide.impl.SelenideElementProxy.dispatchAndRetry(SelenideElementProxy.java:124)
at com.codeborne.selenide.impl.SelenideElementProxy.invoke(SelenideElementProxy.java:76)
at com.sun.proxy.$Proxy6.shouldBe(Unknown Source)
at pages.LogInPage.clickOnLoginButton(LogInPage.java:27)
at pages.LogInPage.logIn(LogInPage.java:35)
at tests.UserProfileTests.changeUserPasswordTest(UserProfileTests.java:19)
at java.base/java.util.ArrayList.forEach(ArrayList.java:1541)
... Removed 32 stack frames]]>
    </failure>
  </testcase> <!-- changeUserPasswordTest -->
</testsuite> <!-- Surefire test -->
